<?xml version="1.0" encoding="UTF-8"?>
<testsuite xmlns:xsi="http://www.w3.org/2001/XMLSchema-instance" xsi:noNamespaceSchemaLocation="https://maven.apache.org/surefire/maven-surefire-plugin/xsd/surefire-test-report-3.0.xsd" version="3.0" name="com.gcu.GcuClassSchedulerApplicationTests" time="4.03" tests="1" errors="0" skipped="0" failures="0">
  <properties>
[...]
</properties>
  <testcase name="contextLoads" classname="com.gcu.GcuClassSchedulerApplicationTests" time="0.735">
    <system-out><![CDATA[01:04:17.066 [main] INFO org.springframework.test.context.support.AnnotationConfigContextLoaderUtils -- Could not detect default configuration classes for test class [com.gcu.GcuClassSchedulerApplicationTests]: GcuClassSchedulerApplicationTests does not declare any static, non-private, non-final, nested classes annotated with @Configuration.
01:04:17.153 [main] INFO org.springframework.boot.test.context.SpringBootTestContextBootstrapper -- Found @SpringBootConfiguration com.gcu.GcuClassSchedulerApplication for test class com.gcu.GcuClassSchedulerApplicationTests

  .   ____          _            __ _ _
 /\\ / ___'_ __ _ _(_)_ __  __ _ \ \ \ \
( ( )\___ | '_ | '_| | '_ \/ _` | \ \ \ \
 \\/  ___)| |_)| | | | | || (_| |  ) ) ) )
  '  |____| .__|_| |_|_| |_\__, | / / / /
 =========|_|==============|___/=/_/_/_/
 :: Spring Boot ::                (v3.1.2)

2023-11-19T01:04:17.532-07:00  INFO 10264 --- [           main] c.gcu.GcuClassSchedulerApplicationTests  : Starting GcuClassSchedulerApplicationTests using Java 17.0.8.1 with PID 10264 (started by Orcblood in C:\Users\Orcblood\OneDrive - Grand Canyon University\CST - 323\workspaceCST-323\GCU-ClassScheduler)
2023-11-19T01:04:17.533-07:00  INFO 10264 --- [           main] c.gcu.GcuClassSchedulerApplicationTests  : No active profile set, falling back to 1 default profile: "default"
2023-11-19T01:04:18.243-07:00  INFO 10264 --- [           main] .s.d.r.c.RepositoryConfigurationDelegate : Bootstrapping Spring Data JDBC repositories in DEFAULT mode.
2023-11-19T01:04:18.301-07:00  INFO 10264 --- [           main] .s.d.r.c.RepositoryConfigurationDelegate : Finished Spring Data repository scanning in 50 ms. Found 1 JDBC repository interfaces.
2023-11-19T01:04:18.698-07:00  INFO 10264 --- [           main] com.zaxxer.hikari.HikariDataSource       : HikariPool-1 - Starting...
2023-11-19T01:04:19.312-07:00  INFO 10264 --- [           main] com.zaxxer.hikari.pool.HikariPool        : HikariPool-1 - Added connection com.mysql.cj.jdbc.ConnectionImpl@4b4927e5
2023-11-19T01:04:19.314-07:00  INFO 10264 --- [           main] com.zaxxer.hikari.HikariDataSource       : HikariPool-1 - Start completed.
2023-11-19T01:04:19.715-07:00  INFO 10264 --- [           main] o.s.s.web.DefaultSecurityFilterChain     : Will secure any request with [org.springframework.security.web.session.DisableEncodeUrlFilter@2a9e754e, org.springframework.security.web.context.request.async.WebAsyncManagerIntegrationFilter@760a2b6e, org.springframework.security.web.context.SecurityContextHolderFilter@302da330, org.springframework.security.web.header.HeaderWriterFilter@797f97e3, org.springframework.security.web.authentication.logout.LogoutFilter@35ab4260, org.springframework.security.web.authentication.UsernamePasswordAuthenticationFilter@40538370, org.springframework.security.web.savedrequest.RequestCacheAwareFilter@9f2376f, org.springframework.security.web.servletapi.SecurityContextHolderAwareRequestFilter@204b0f07, org.springframework.security.web.authentication.AnonymousAuthenticationFilter@20a9f5fb, org.springframework.security.web.access.ExceptionTranslationFilter@563263a, org.springframework.security.web.access.intercept.AuthorizationFilter@48af5f38]
2023-11-19T01:04:20.208-07:00  INFO 10264 --- [           main] c.gcu.GcuClassSchedulerApplicationTests  : Started GcuClassSchedulerApplicationTests in 2.903 seconds (process running for 3.758)
]]></system-out>
  </testcase>
</testsuite>